Library/Bee/Android/Prj/IL2CPP/Gradle/launcher/build/intermediates/manifest_merge_blame_file/release/manifest-merger-blame-release-report.txt
1<?xml version="1.0" encoding="utf-8"?>
2<manifest xmlns:android="http://schemas.android.com/apk/res/android"
3    package="com.Jon.Prototype2"
4    android:installLocation="preferExternal"
5    android:versionCode="1"
6    android:versionName="0.1" >
7
8    <uses-sdk
9        android:minSdkVersion="25"
9-->src\main\AndroidManifest.xml
10        android:targetSdkVersion="30" />
10-->src\main\AndroidManifest.xml
11
12    <supports-screens
12-->src\main\AndroidManifest.xml:3:3-163
13        android:anyDensity="true"
13-->src\main\AndroidManifest.xml:3:135-160
14        android:largeScreens="true"
14-->src\main\AndroidManifest.xml:3:78-105
15        android:normalScreens="true"
15-->src\main\AndroidManifest.xml:3:49-77
16        android:smallScreens="true"
16-->src\main\AndroidManifest.xml:3:21-48
17        android:xlargeScreens="true" />
17-->src\main\AndroidManifest.xml:3:106-134
18
19    <uses-feature
19-->[:unityLibrary] AndroidManifest.xml:12:5-54
20        android:glEsVersion="0x00030000"
20-->[:unityLibrary] AndroidManifest.xml:12:19-51
21        android:required="true" />
21-->[:GfxPluginCardboard:] AndroidManifest.xml:15:9-32
22
23    <uses-permission android:name="android.permission.INTERNET" />
23-->[:unityLibrary] AndroidManifest.xml:14:5-67
23-->[:unityLibrary] AndroidManifest.xml:14:22-64
24
25    <uses-feature
25-->[:unityLibrary] AndroidManifest.xml:16:5-18:36
26        android:name="android.hardware.touchscreen"
26-->[:unityLibrary] AndroidManifest.xml:17:9-52
27        android:required="false" />
27-->[:unityLibrary] AndroidManifest.xml:18:9-33
28    <uses-feature
28-->[:unityLibrary] AndroidManifest.xml:19:5-21:36
29        android:name="android.hardware.touchscreen.multitouch"
29-->[:unityLibrary] AndroidManifest.xml:20:9-63
30        android:required="false" />
30-->[:unityLibrary] AndroidManifest.xml:21:9-33
31    <uses-feature
31-->[:unityLibrary] AndroidManifest.xml:22:5-24:36
32        android:name="android.hardware.touchscreen.multitouch.distinct"
32-->[:unityLibrary] AndroidManifest.xml:23:9-72
33        android:required="false" />
33-->[:unityLibrary] AndroidManifest.xml:24:9-33
34
35    <uses-permission android:name="android.permission.CAMERA" />
35-->[:GfxPluginCardboard:] AndroidManifest.xml:17:5-65
35-->[:GfxPluginCardboard:] AndroidManifest.xml:17:22-62
36    <uses-permission android:name="android.permission.WRITE_EXTERNAL_STORAGE" />
36-->[:GfxPluginCardboard:] AndroidManifest.xml:18:5-81
36-->[:GfxPluginCardboard:] AndroidManifest.xml:18:22-78
37    <uses-permission android:name="android.permission.NFC" />
37-->[:GfxPluginCardboard:] AndroidManifest.xml:20:5-62
37-->[:GfxPluginCardboard:] AndroidManifest.xml:20:22-59
38
39    <application
39-->src\main\AndroidManifest.xml:4:3-83
40        android:appComponentFactory="androidx.core.app.CoreComponentFactory"
40-->[androidx.core:core:1.5.0] AndroidManifest.xml:24:18-86
41        android:extractNativeLibs="true"
41-->[:unityLibrary] AndroidManifest.xml:26:18-50
42        android:icon="@mipmap/app_icon"
42-->src\main\AndroidManifest.xml:4:49-80
43        android:label="@string/app_name" >
43-->src\main\AndroidManifest.xml:4:16-48
44        <activity
44-->[:unityLibrary] AndroidManifest.xml:27:9-47:20
45            android:name="com.unity3d.player.UnityPlayerActivity"
45-->[:unityLibrary] AndroidManifest.xml:28:13-66
46            android:configChanges="mcc|mnc|locale|touchscreen|keyboard|keyboardHidden|navigation|orientation|screenLayout|uiMode|screenSize|smallestScreenSize|fontScale|layoutDirection|density"
46-->[:unityLibrary] AndroidManifest.xml:29:13-194
47            android:hardwareAccelerated="false"
47-->[:unityLibrary] AndroidManifest.xml:30:13-48
48            android:launchMode="singleTask"
48-->[:unityLibrary] AndroidManifest.xml:31:13-44
49            android:resizeableActivity="false"
49-->[:unityLibrary] AndroidManifest.xml:32:13-47
50            android:screenOrientation="landscape"
50-->[:unityLibrary] AndroidManifest.xml:33:13-50
51            android:theme="@style/UnityThemeSelector" >
51-->[:unityLibrary] AndroidManifest.xml:34:13-54
52            <intent-filter>
52-->[:unityLibrary] AndroidManifest.xml:35:13-39:29
53                <action android:name="android.intent.action.MAIN" />
53-->[:unityLibrary] AndroidManifest.xml:36:17-69
53-->[:unityLibrary] AndroidManifest.xml:36:25-66
54
55                <category android:name="android.intent.category.LAUNCHER" />
55-->[:unityLibrary] AndroidManifest.xml:38:17-77
55-->[:unityLibrary] AndroidManifest.xml:38:27-74
56            </intent-filter>
57
58            <meta-data
58-->[:unityLibrary] AndroidManifest.xml:41:13-43:40
59                android:name="unityplayer.UnityActivity"
59-->[:unityLibrary] AndroidManifest.xml:42:17-57
60                android:value="true" />
60-->[:unityLibrary] AndroidManifest.xml:43:17-37
61            <meta-data
61-->[:unityLibrary] AndroidManifest.xml:44:13-46:40
62                android:name="android.notch_support"
62-->[:unityLibrary] AndroidManifest.xml:45:17-53
63                android:value="true" />
63-->[:unityLibrary] AndroidManifest.xml:46:17-37
64        </activity>
65
66        <meta-data
66-->[:unityLibrary] AndroidManifest.xml:49:9-51:33
67            android:name="unity.splash-mode"
67-->[:unityLibrary] AndroidManifest.xml:50:13-45
68            android:value="0" />
68-->[:unityLibrary] AndroidManifest.xml:51:13-30
69        <meta-data
69-->[:unityLibrary] AndroidManifest.xml:52:9-54:36
70            android:name="unity.splash-enable"
70-->[:unityLibrary] AndroidManifest.xml:53:13-47
71            android:value="True" />
71-->[:unityLibrary] AndroidManifest.xml:54:13-33
72        <meta-data
72-->[:unityLibrary] AndroidManifest.xml:55:9-57:36
73            android:name="unity.launch-fullscreen"
73-->[:unityLibrary] AndroidManifest.xml:56:13-51
74            android:value="True" />
74-->[:unityLibrary] AndroidManifest.xml:57:13-33
75        <meta-data
75-->[:unityLibrary] AndroidManifest.xml:58:9-60:37
76            android:name="unity.allow-resizable-window"
76-->[:unityLibrary] AndroidManifest.xml:59:13-56
77            android:value="False" />
77-->[:unityLibrary] AndroidManifest.xml:60:13-34
78        <meta-data
78-->[:unityLibrary] AndroidManifest.xml:61:9-63:50
79            android:name="notch.config"
79-->[:unityLibrary] AndroidManifest.xml:62:13-40
80            android:value="portrait|landscape" />
80-->[:unityLibrary] AndroidManifest.xml:63:13-47
81
82        <activity
82-->[:GfxPluginCardboard:] AndroidManifest.xml:23:9-27:66
83            android:name="com.google.cardboard.sdk.QrCodeCaptureActivity"
83-->[:GfxPluginCardboard:] AndroidManifest.xml:24:13-74
84            android:exported="false"
84-->[:GfxPluginCardboard:] AndroidManifest.xml:25:13-37
85            android:label="@string/title_activity_qr_code_capture"
85-->[:GfxPluginCardboard:] AndroidManifest.xml:26:13-67
86            android:theme="@style/Theme.AppCompat.NoActionBar" />
86-->[:GfxPluginCardboard:] AndroidManifest.xml:27:13-63
87        <!--
88          Activity whose sole purpose is to update Cardboard device params when a Cardboard V1
89          NFC tag is detected.
90        -->
91        <activity
91-->[:GfxPluginCardboard:] AndroidManifest.xml:33:9-46:20
92            android:name="com.google.cardboard.sdk.HeadsetDetectionActivity"
92-->[:GfxPluginCardboard:] AndroidManifest.xml:34:13-77
93            android:exported="true"
93-->[:GfxPluginCardboard:] AndroidManifest.xml:35:13-36
94            android:label="@string/headset_detection_activity_title" >
94-->[:GfxPluginCardboard:] AndroidManifest.xml:36:13-69
95
96            <!-- Handles the Cardboard V1 NFC tag released at Google I/O 2014. -->
97            <intent-filter>
97-->[:GfxPluginCardboard:] AndroidManifest.xml:39:13-45:29
98                <action android:name="android.nfc.action.NDEF_DISCOVERED" />
98-->[:GfxPluginCardboard:] AndroidManifest.xml:40:17-77
98-->[:GfxPluginCardboard:] AndroidManifest.xml:40:25-74
99
100                <category android:name="android.intent.category.DEFAULT" />
100-->[:GfxPluginCardboard:] AndroidManifest.xml:42:17-76
100-->[:GfxPluginCardboard:] AndroidManifest.xml:42:27-73
101
102                <data android:scheme="cardboard" />
102-->[:GfxPluginCardboard:] AndroidManifest.xml:44:17-52
102-->[:GfxPluginCardboard:] AndroidManifest.xml:44:23-49
103            </intent-filter>
104        </activity>
105        <activity
105-->[com.google.android.gms:play-services-base:17.4.0] AndroidManifest.xml:23:9-26:75
106            android:name="com.google.android.gms.common.api.GoogleApiActivity"
106-->[com.google.android.gms:play-services-base:17.4.0] AndroidManifest.xml:24:13-79
107            android:exported="false"
107-->[com.google.android.gms:play-services-base:17.4.0] AndroidManifest.xml:25:13-37
108            android:theme="@android:style/Theme.Translucent.NoTitleBar" />
108-->[com.google.android.gms:play-services-base:17.4.0] AndroidManifest.xml:26:13-72
109
110        <meta-data
110-->[com.google.android.gms:play-services-basement:17.4.0] AndroidManifest.xml:23:9-25:69
111            android:name="com.google.android.gms.version"
111-->[com.google.android.gms:play-services-basement:17.4.0] AndroidManifest.xml:24:13-58
112            android:value="@integer/google_play_services_version" />
112-->[com.google.android.gms:play-services-basement:17.4.0] AndroidManifest.xml:25:13-66
113    </application>
114
115</manifest>